<?xml version="1.0" encoding="UTF-8"?>
<testsuite xmlns:xsi="http://www.w3.org/2001/XMLSchema-instance" xsi:noNamespaceSchemaLocation="https://maven.apache.org/surefire/maven-surefire-plugin/xsd/surefire-test-report-3.0.xsd" version="3.0" name="com.rahimi.expensetracker.ExpensetrackerApplicationTests" time="12.905" tests="1" errors="0" skipped="0" failures="0">
  <properties>
[...]
</properties>
  <testcase name="contextLoads" classname="com.rahimi.expensetracker.ExpensetrackerApplicationTests" time="1.297">
    <system-out><![CDATA[23:39:23.288 [main] INFO org.springframework.test.context.support.AnnotationConfigContextLoaderUtils -- Could not detect default configuration classes for test class [com.rahimi.expensetracker.ExpensetrackerApplicationTests]: ExpensetrackerApplicationTests does not declare any static, non-private, non-final, nested classes annotated with @Configuration.
23:39:23.461 [main] INFO org.springframework.boot.test.context.SpringBootTestContextBootstrapper -- Found @SpringBootConfiguration com.rahimi.expensetracker.ExpensetrackerApplication for test class com.rahimi.expensetracker.ExpensetrackerApplicationTests
23:39:23.869 [main] INFO org.springframework.boot.devtools.restart.RestartApplicationListener -- Restart disabled due to context in which it is running

  .   ____          _            __ _ _
 /\\ / ___'_ __ _ _(_)_ __  __ _ \ \ \ \
( ( )\___ | '_ | '_| | '_ \/ _` | \ \ \ \
 \\/  ___)| |_)| | | | | || (_| |  ) ) ) )
  '  |____| .__|_| |_|_| |_\__, | / / / /
 =========|_|==============|___/=/_/_/_/
 :: Spring Boot ::                (v3.2.5)

2026-05-01T23:39:24.407+08:00  INFO 17720 --- [           main] c.r.e.ExpensetrackerApplicationTests     : Starting ExpensetrackerApplicationTests using Java 17.0.18 with PID 17720 (started by Rahimilocalacc in C:\Users\Rahimilocalacc\OneDrive\Documents\Portfolio\spendly-fixed\backend)
2026-05-01T23:39:24.410+08:00  INFO 17720 --- [           main] c.r.e.ExpensetrackerApplicationTests     : The following 1 profile is active: "test"
2026-05-01T23:39:26.168+08:00  INFO 17720 --- [           main] .s.d.r.c.RepositoryConfigurationDelegate : Bootstrapping Spring Data JPA repositories in DEFAULT mode.
2026-05-01T23:39:26.318+08:00  INFO 17720 --- [           main] .s.d.r.c.RepositoryConfigurationDelegate : Finished Spring Data repository scanning in 133 ms. Found 5 JPA repository interfaces.
2026-05-01T23:39:27.687+08:00  INFO 17720 --- [           main] o.hibernate.jpa.internal.util.LogHelper  : HHH000204: Processing PersistenceUnitInfo [name: default]
2026-05-01T23:39:27.951+08:00  INFO 17720 --- [           main] org.hibernate.Version                    : HHH000412: Hibernate ORM core version 6.4.4.Final
2026-05-01T23:39:28.099+08:00  INFO 17720 --- [           main] o.h.c.internal.RegionFactoryInitiator    : HHH000026: Second-level cache disabled
2026-05-01T23:39:28.958+08:00  INFO 17720 --- [           main] o.s.o.j.p.SpringPersistenceUnitInfo      : No LoadTimeWeaver setup: ignoring JPA class transformer
2026-05-01T23:39:29.047+08:00  INFO 17720 --- [           main] com.zaxxer.hikari.HikariDataSource       : HikariPool-1 - Starting...
2026-05-01T23:39:29.478+08:00  INFO 17720 --- [           main] com.zaxxer.hikari.pool.HikariPool        : HikariPool-1 - Added connection org.postgresql.jdbc.PgConnection@1f172892
2026-05-01T23:39:29.481+08:00  INFO 17720 --- [           main] com.zaxxer.hikari.HikariDataSource       : HikariPool-1 - Start completed.
2026-05-01T23:39:29.566+08:00  WARN 17720 --- [           main] org.hibernate.orm.deprecation            : HHH90000025: PostgreSQLDialect does not need to be specified explicitly using 'hibernate.dialect' (remove the property setting and it will be selected by default)
2026-05-01T23:39:31.636+08:00  INFO 17720 --- [           main] o.h.e.t.j.p.i.JtaPlatformInitiator       : HHH000489: No JTA platform available (set 'hibernate.transaction.jta.platform' to enable JTA platform integration)
2026-05-01T23:39:31.856+08:00  INFO 17720 --- [           main] j.LocalContainerEntityManagerFactoryBean : Initialized JPA EntityManagerFactory for persistence unit 'default'
2026-05-01T23:39:32.774+08:00  WARN 17720 --- [           main] JpaBaseConfiguration$JpaWebConfiguration : spring.jpa.open-in-view is enabled by default. Therefore, database queries may be performed during view rendering. Explicitly configure spring.jpa.open-in-view to disable this warning
2026-05-01T23:39:32.816+08:00  WARN 17720 --- [           main] .s.s.UserDetailsServiceAutoConfiguration : 

Using generated security password: 5c1f5f43-d934-47cf-acc5-cb3974de175f

This generated password is for development use only. Your security configuration must be updated before running your application in production.

2026-05-01T23:39:33.491+08:00  INFO 17720 --- [           main] o.s.s.web.DefaultSecurityFilterChain     : Will secure any request with [org.springframework.security.web.session.DisableEncodeUrlFilter@75c30a4f, org.springframework.security.web.context.request.async.WebAsyncManagerIntegrationFilter@360e4235, org.springframework.security.web.context.SecurityContextHolderFilter@23e1f610, org.springframework.security.web.header.HeaderWriterFilter@56fc2cea, org.springframework.web.filter.CorsFilter@2a0881f1, org.springframework.security.web.authentication.logout.LogoutFilter@7e1ae693, org.springframework.security.web.savedrequest.RequestCacheAwareFilter@1a3a6216, org.springframework.security.web.servletapi.SecurityContextHolderAwareRequestFilter@319ea996, org.springframework.security.web.authentication.AnonymousAuthenticationFilter@1b0fc8b, org.springframework.security.web.session.SessionManagementFilter@147892be, org.springframework.security.web.access.ExceptionTranslationFilter@29811d4d, org.springframework.security.web.access.intercept.AuthorizationFilter@33ce081a]
2026-05-01T23:39:34.518+08:00  INFO 17720 --- [           main] c.r.e.ExpensetrackerApplicationTests     : Started ExpensetrackerApplicationTests in 10.677 seconds (process running for 12.558)
]]></system-out>
  </testcase>
</testsuite>